----Checking Cash Load ----------------------------------------------------------------------
R1
BS0000000170402003000704020030007040200300070402003000

R4
BS00000001704500030007042000300070410003000704100030007040500300070402003000




----Checking Cassette FULL --------------------------------------------------------------------------
R1: cassette FULL
DS000000000000000000000000704500030007042000300070410003000704050030000050030003000000000000000002003000300000000000000000100300030000000000000000005030003000000000000000


R4: cassette FULL
DS00000000000000000000000000704500030007042000300070410003000704100030007040500300070402003000005003000300000000000000000200300030000000000000000010030003000000000000000001003000300000000000000000050300030000000000000000002030003000000000000000300000



----Checking Envelop Deposit --------------------------------------------------------------------------
R1: Envelop Deposit 111env
DS000000000000000000000000704500030007042000300070410003000704050030000050030003000000000000000002003000300000000000000000100300030000000000000000005030003000000000000000


R4: Envelop Deposit 111env
DS00000000000000000000000000704500030007042000300070410003000704100030007040500300070402003000005003000300000000000000000200300030000000000000000010030003000000000000000001003000300000000000000000050300030000000000000000002030003000000000000000000194



----Checking Cassette Status --------------------------------------------------------------------------
R1: cassette Normal
DS000000000000000000000000704500010007042000100070410001000704050010000050030001000200000000000002003000100020000000000000100300010002000000000000005030001000200000000000

R1: cassette 1 Low 2 Empty 3 NotExist 4 Malfunction 
DS000000000000000000000000704500000207042000000170400000000704050010000050030000020280000000000002003000000129990000000000100300000003000000000000005030001000200000000000
DS000000000000000000000000704500002007042000010070410000000704050010000050030000200280000000000002003000010029000000000000100300000003000000000000005030001000200000000000

R4: cassette Normal
DS00000000000000000000012390704500010007042000200070410003000704100010007040500200070402003000005003000100020000000000000200300020001000000000000010030003000000000000000001003000100020000000000000050300020001000000000000002030003000000000000000300000

R4: cassette 1 Nomal 2 Low 3 Empty 4 NotExist 5 Malfunction 6 Nomal
DS00000000000000000000003000704500010007042000003070410000000704100000007040500050070402001200005003000100020000000000000200300000302700000000000010030000000300000000000001003000000000000000000000050300005002500000000000002030001200280000000000300000


Empty BOX
R4: cassette 1 Nomal 2 Low 3 Empty 4 NotExist 5 Malfunction 6 Nomal
DS00000000000000000000000000704500000007042000000070410000000704100000007040500000070402000000005003000000030000000000000200300000003000000000000010030000000300000000000001003000000000000000000000050300000003000000000000002030000000300000000000300000



----Checking Reject note----------------------------------------------------------------------
R1: 
DS000000000000000099000000704500010007042000100070410001000704050010000050030001000200000060003002003000100020000014000600100300010002000001200130005030001000200000150030

R4: 
DS00000000000000018500000000704500010007042000200070410003000704100010007040500200070402003000005003000100020000006000400200300020001000000500150010030003000000000250015001003000100020000012001800050300020001000002000400002030003000000000100015300000


----Checking Capture card----------------------------------------------------------------------

PAN : 9704001000000001
R1: 
DS000000000000000099010000704500010007042000100070410001000704050010000050030001000200000060003002003000100020000014000600100300010002000001200130005030001000200000150030

PAN : 9704001000000002
R1: 
DS000000000000000099020000704500010007042000100070410001000704050010000050030001000200000060003002003000100020000014000600100300010002000001200130005030001000200000150030

PAN : 9704001000000003
R1: 
DS000000000000000099030000704500010007042000100070410001000704050010000050030001000200000060003002003000100020000014000600100300010002000001200130005030001000200000150030



PAN : 9704004000000001
R4: 
DS00000000000000018501000000704500010007042000200070410003000704100010007040500200070402003000005003000100020000006000400200300020001000000500150010030003000000000250015001003000100020000012001800050300020001000002000400002030003000000000100015300000

PAN : 9704004000000002
R4: 
DS00000000000000018502000000704500010007042000200070410003000704100010007040500200070402003000005003000100020000006000400200300020001000000500150010030003000000000250015001003000100020000012001800050300020001000002000400002030003000000000100015300000

PAN : 9704004000000003
R4: 
DS00000000000000018503000000704500010007042000200070410003000704100010007040500200070402003000005003000100020000006000400200300020001000000500150010030003000000000250015001003000100020000012001800050300020001000002000400002030003000000000100015300000



----Checking Device Status [ATM status]--------------------------------------------------------------------------
R1: change to Maintenance mode
DS100000000000000000000000704500010007042000100070410001000704050010000050030001000200000000000002003000100020000000000000100300010002000000000000005030001000200000000000

R1: Out of service / power up / offline
DS200000000000000000000000704500010007042000100070410001000704050010000050030001000200000000000002003000100020000000000000100300010002000000000000005030001000200000000000

R1: Malfunction 
DS900000000000000000000000704500010007042000100070410001000704050010000050030001000200000000000002003000100020000000000000100300010002000000000000005030001000200000000000


R4: change to Maintenance mode
DS10000000000000000000000000704500010007042000200070410003000704100010007040500200070402003000005003000100020000000000000200300020001000000000000010030003000000000000000001003000100020000000000000050300020001000000000000002030003000000000000000300000

R4: Out of service / power up / offline
DS20000000000000000000000000704500010007042000200070410003000704100010007040500200070402003000005003000100020000000000000200300020001000000000000010030003000000000000000001003000100020000000000000050300020001000000000000002030003000000000000000300000

R4: Malfunction
DS90000000000000000000000000704500010007042000200070410003000704100010007040500200070402003000005003000100020000000000000200300020001000000000000010030003000000000000000001003000100020000000000000050300020001000000000000002030003000000000000000300000





----Checking Device Status [Journal printer status]--------------------------------------------------------------------------
R1: Inoperative
DS000000010000000000000000704500010007042000100070410001000704050010000050030001000200000000000002003000100020000000000000100300010002000000000000005030001000200000000000

R1: Low of paper
DS000000020000000000000000704500010007042000100070410001000704050010000050030001000200000000000002003000100020000000000000100300010002000000000000005030001000200000000000

R1: Out of paper
DS000000030000000000000000704500010007042000100070410001000704050010000050030001000200000000000002003000100020000000000000100300010002000000000000005030001000200000000000

R1: Malfunction
DS000000090000000000000000704500010007042000100070410001000704050010000050030001000200000000000002003000100020000000000000100300010002000000000000005030001000200000000000



R4: Inoperative
DS00000001000000000000000000704500010007042000200070410003000704100010007040500200070402003000005003000100020000000000000200300020001000000000000010030003000000000000000001003000100020000000000000050300020001000000000000002030003000000000000000300000

R4: Low of paper
DS00000002000000000000000000704500010007042000200070410003000704100010007040500200070402003000005003000100020000000000000200300020001000000000000010030003000000000000000001003000100020000000000000050300020001000000000000002030003000000000000000300000

R4: Out of paper
DS00000003000000000000000000704500010007042000200070410003000704100010007040500200070402003000005003000100020000000000000200300020001000000000000010030003000000000000000001003000100020000000000000050300020001000000000000002030003000000000000000300000

R4: Malfunction
DS00000009000000000000000000704500010007042000200070410003000704100010007040500200070402003000005003000100020000000000000200300020001000000000000010030003000000000000000001003000100020000000000000050300020001000000000000002030003000000000000000300000





----Checking Device Status [Receipt printer status]--------------------------------------------------------------------------
R1: Inoperative
DS000000001000000000000000704500010007042000100070410001000704050010000050030001000200000000000002003000100020000000000000100300010002000000000000005030001000200000000000

R1: Low of paper
DS000000002000000000000000704500010007042000100070410001000704050010000050030001000200000000000002003000100020000000000000100300010002000000000000005030001000200000000000

R1: Out of paper
DS000000003000000000000000704500010007042000100070410001000704050010000050030001000200000000000002003000100020000000000000100300010002000000000000005030001000200000000000

R1: Malfunction
DS000000009000000000000000704500010007042000100070410001000704050010000050030001000200000000000002003000100020000000000000100300010002000000000000005030001000200000000000



R4: Inoperative
DS00000000100000000000000000704500010007042000200070410003000704100010007040500200070402003000005003000100020000000000000200300020001000000000000010030003000000000000000001003000100020000000000000050300020001000000000000002030003000000000000000300000

R4: Low of paper
DS00000000200000000000000000704500010007042000200070410003000704100010007040500200070402003000005003000100020000000000000200300020001000000000000010030003000000000000000001003000100020000000000000050300020001000000000000002030003000000000000000300000

R4: Out of paper
DS00000000300000000000000000704500010007042000200070410003000704100010007040500200070402003000005003000100020000000000000200300020001000000000000010030003000000000000000001003000100020000000000000050300020001000000000000002030003000000000000000300000

R4: Malfunction
DS00000000900000000000000000704500010007042000200070410003000704100010007040500200070402003000005003000100020000000000000200300020001000000000000010030003000000000000000001003000100020000000000000050300020001000000000000002030003000000000000000300000




----Checking Device Status [Card reader status]---------ATM can not use in this time-----------------------------------------------------------------
R1: error
DS900000000900000000000000704500010007042000100070410001000704050010000050030001000200000000000002003000100020000000000000100300010002000000000000005030001000200000000000

R4: error
DS00000000090000000000000000704500010007042000200070410003000704100010007040500200070402003000005003000100020000000000000200300020001000000000000010030003000000000000000001003000100020000000000000050300020001000000000000002030003000000000000000300000




----Checking Device Status [Cash Dispenser status]--------------------------------------------------------------------------
R1: error
DS000000000090000000000000704500010007042000100070410001000704050010000050030001000200000000000002003000100020000000000000100300010002000000000000005030001000200000000000


R4: error
DS00000000009000000000000000704500010007042000200070410003000704100010007040500200070402003000005003000100020000000000000200300020001000000000000010030003000000000000000001003000100020000000000000050300020001000000000000002030003000000000000000300000



----Checking Device Status [Insurance Box status] or [Safe Door status]--------------------------------------------------------------------------
R1: error
DS000000000009000000000000704500010007042000100070410001000704050010000050030001000200000000000002003000100020000000000000100300010002000000000000005030001000200000000000


R4: error
DS00000000000900000000000000704500010007042000200070410003000704100010007040500200070402003000005003000100020000000000000200300020001000000000000010030003000000000000000001003000100020000000000000050300020001000000000000002030003000000000000000300000




----Checking Device Status [Cabinet status]--------------------------------------------------------------------------
R1: error
DS000000000000900000000000704500010007042000100070410001000704050010000050030001000200000000000002003000100020000000000000100300010002000000000000005030001000200000000000


R4: error
DS00000000000090000000000000704500010007042000200070410003000704100010007040500200070402003000005003000100020000000000000200300020001000000000000010030003000000000000000001003000100020000000000000050300020001000000000000002030003000000000000000300000




----Checking Device Status [Encript module status]--------------------------------------------------------------------------
R1: error
DS000000000000090000000000704500010007042000100070410001000704050010000050030001000200000000000002003000100020000000000000100300010002000000000000005030001000200000000000


R4: error
DS00000000000009000000000000704500010007042000200070410003000704100010007040500200070402003000005003000100020000000000000200300020001000000000000010030003000000000000000001003000100020000000000000050300020001000000000000002030003000000000000000300000



----Checking Device Status [Reject Cash Box Notes status]--------------------------------------------------------------------------
R1: error
DS000000000000009000000000704500010007042000100070410001000704050010000050030001000200000000000002003000100020000000000000100300010002000000000000005030001000200000000000


R4: error
DS00000000000000900000000000704500010007042000200070410003000704100010007040500200070402003000005003000100020000000000000200300020001000000000000010030003000000000000000001003000100020000000000000050300020001000000000000002030003000000000000000300000



----Checking Device Status [Envelop Deposit status]--------------------------------------------------------------------------

R4: error
DS00000000000000000000000000704500010007042000200070410003000704100010007040500200070402003000005003000100020000000000000200300020001000000000000010030003000000000000000001003000100020000000000000050300020001000000000000002030003000000000000000300000













-------------------------------------------------------------------------------------------------------
F48_VPC send to View: 
10004
00123456
0$0$0$0$0$0$
0$0$0$0$0$0$
500000$200000$100000$100000$50000$20000$
VND$VND$VND$VND$VND$VND$
3000$3000$3000$3000$3000$3000$
2910000000
20111117104713

10004
00001008
0$0$0$0$0$0$
0$0$0$0$N$N$
50000$10000$5000$2000$N$N$
VND$VND$VND$VND$N$N$
3000$3000$3000$3000$N$N$
201000000
20111117110031 



R4: cassette 1 Low 2 Empty 3 NotExist 4 Malfunction 
DS0000000000000003551500200370400000487040500179470450000000704020018167041000177600000000000 
0000000000480000000000000
0005020001794002201840000
0050000000000009500270000
0002020001816014200420000
0010020001776012201020000
0000000000000000000000000
300000

R4: cassette 1 - 3 - 4 use , 2 no use
DS0000000000000003551500200370400000487040500179470450000000704020018167041000177600000000000000000000048000000000000000050200017940022018400000050000000000009500270000000202000181601420042000000100200017760122010200000000000000000000000000000300000
DS10000000000000000005103333704100030007040500199700000000000000000000000000000000000000000000001003000300000000000000000050200019970003000000000000000000000000000000000000000000000000000000000000000000000000000000000000000000000000000000000000300000

--------------------------------------------------------------------------------------------------------------















------------------------------------------------------------------------------------------------------------------------------------------------------------


BS00000001704050005007040100060070400200700704005008007040010000070400200000
DS000000000000000000110123704050001607040200027070401000450704005003800000299



DS00000000000000004004000011704900007777048000055570470000333704600002227045000011170440000444005000500000005000000000000100060000000600000000000002007000000070000000000000500800000008000000000000100100002000800000000000020010000100090000000000300000

DS10000000000000004004000011704500005007041000060070402000700704050008007041000000070420000000005000500000005000000000000100060000000600000000000002007000000070000000000000500800000008000000000000100100002000800000000000020010000100090000000000300000


R1: 
DS000000000000000000000000704050013057040020095570400500927704500009770002010001000000000000000000501000095500450000000000100100009270073000000000050010000977002300000000



R4: 

DS0000000000000003551500200370400000487040500179470450000000704020018167041000177600000000000000000000048000000000000000050200017940022018400000050000000000009500270000000202000181601420042000000100200017760122010200000000000000000000000000000300000






DS10000000000000000005103333704100030007040500199700000000000000000000000000000000000000000000001003000300000000000000000050200019970003000000000000000000000000000000000000000000000000000000000000000000000000000000000000000000000000000000000000300000



0000:00 E8 30 31 31 30 30 30 30 30 30|30 30 38 32 30 80 38 00 00  [..01100000000820.8..]
0020:00 81 00 00 04 00 00 00 00 00 00|00 30 30 34 36 32 39 31 37  [............00462917]
0040:34 30 30 39 31 30 31 32 30 30 30|30 31 30 31 32 31 37 30 44  [4009101200001012170D]
0060:53 30 30 30 30 30 30 30 30 30 30|30 30 30 30 30 30 30 30 30  [S0000000000000000000]
0080:30 30 30 30 30 37 30 34 30 30 30|30 30 30 30 30 37 30 34 30  [00000704000000007040]
0100:35 30 30 31 30 30 30 37 30 34 35|30 30 30 31 30 30 30 37 30  [50010007045000100070]
0120:34 30 32 30 30 31 30 30 30 30 30|30 30 30 30 30 30 30 30 30  [40200100000000000000]
0140:30 30 30 30 30 30 30 30 30 30 30|30 30 30 30 30 30 35 30 31  [00000000000000000501]
0160:30 30 30 31 30 30 30 30 30 30 30|30 30 30 30 30 30 30 30 30  [00010000000000000000]
0180:30 35 30 30 31 30 30 30 31 30 30|30 30 30 30 30 30 30 30 30  [05001000100000000000]
0200:30 30 30 30 30 30 30 32 30 31 30|30 30 31 30 30 30 30 30 30  [00000002010001000000]
0220:30 30 30 30 30 30 30 30 30 33 36|31                          [000000000361        ]

0060:53 31 30 30 30 30 30 30 30 30 30|30 30 30 30 30 30 30 30 30  [S1000000000000000000]
0080:35 31 30 33 33 33 33 37 30 34 31|30 30 30 33 30 30 30 37 30  [51033337041000300070]
0100:34 30 35 30 30 31 39 39 37 30 30|30 30 30 30 30 30 30 30 30  [40500199700000000000]
0120:30 30 30 30 30 30 30 30 30 30 30|30 30 30 30 30 30 30 30 30  [00000000000000000000]
0140:30 30 30 30 30 30 30 30 30 30 30|30 30 30 30 31 30 30 33 30  [00000000000000010030]
0160:30 30 33 30 30 30 30 30 30 30 30|30 30 30 30 30 30 30 30 30  [00300000000000000000]
0180:30 35 30 32 30 30 30 31 39 39 37|30 30 30 33 30 30 30 30 30  [05020001997000300000]
0200:30 30 30 30 30 30 30 30 30 30 30|30 30 30 30 30 30 30 30 30  [00000000000000000000]
0220:30 30 30 30 30 30 30 30 30 30 30|30 30 30 30 30 30 30 30 30  [00000000000000000000]
0240:30 30 30 30 30 30 30 30 30 30 30|30 30 30 30 30 30 30 30 30  [00000000000000000000]
0260:30 30 30 30 30 30 30 30 30 30 30|30 30 30 30 30 30 30 30 30  [00000000000000000000]
0280:30 30 30 30 30 30 30 30 30 30 30|30 30 30 30 30 30 30 30 30  [00000000000000000000]
0300:30 30 30 33 30 30 30 30 30 33 36|31                          [000300000361        ]
GRG Dieu
0000:01 38 30 31 31 30 30 30 30 30 30|30 30 38 32 30 80 38 00 00  [.801100000000820.8..]
0020:00 81 00 00 04 00 00 00 00 00 00|00 30 30 30 37 30 36 31 33  [............00070613]
0040:30 38 30 31 30 38 31 37 31 32 33|34 35 36 37 38 32 35 30 44  [0801081712345678250D]
0060:53 31 30 30 30 30 30 30 30 30 30|30 30 30 30 30 30 30 30 30  [S1000000000000000000]
0080:35 31 30 33 33 33 33 37 30 34 31|30 30 30 33 30 30 30 37 30  [51033337041000300070]
0100:34 30 35 30 30 31 39 39 37 30 30|30 30 30 30 30 30 30 30 30  [40500199700000000000]
0120:30 30 30 30 30 30 30 30 30 30 30|30 30 30 30 30 30 30 30 30  [00000000000000000000]
0140:30 30 30 30 30 30 30 30 30 30 30|30 30 30 30 31 30 30 33 30  [00000000000000010030]
0160:30 30 33 30 30 30 30 30 30 30 30|30 30 30 30 30 30 30 30 30  [00300000000000000000]
0180:30 35 30 32 30 30 30 31 39 39 37|30 30 30 33 30 30 30 30 30  [05020001997000300000]
0200:30 30 30 30 30 30 30 30 30 30 30|30 30 30 30 30 30 30 30 30  [00000000000000000000]
0220:30 30 30 30 30 30 30 30 30 30 30|30 30 30 30 30 30 30 30 30  [00000000000000000000]
0240:30 30 30 30 30 30 30 30 30 30 30|30 30 30 30 30 30 30 30 30  [00000000000000000000]
0260:30 30 30 30 30 30 30 30 30 30 30|30 30 30 30 30 30 30 30 30  [00000000000000000000]
0280:30 30 30 30 30 30 30 30 30 30 30|30 30 30 30 30 30 30 30 30  [00000000000000000000]
0300:30 30 30 33 30 30 30 30 30 33 36|31                          [000300000361        ]
[2:08:59 PM] GRG Dieu: R4 - DAB
0000:01 38 30 31 31 30 30 30 30 30 30|30 30 38 32 30 80 38 00 00  [.801100000000820.8..]
0020:00 81 00 00 04 00 00 00 00 00 00|00 30 33 35 35 30 36 30 39  [............03550609]
0040:31 30 32 35 31 31 31 36 30 31 38|31 33 30 30 31 32 35 30 44  [1025111601813001250D]
0060:53 30 30 30 30 30 30 30 30 30 30|30 30 30 30 30 30 30 30 31  [S0000000000000000001]
0080:30 30 30 30 30 33 33 37 30 34 31|30 30 30 30 39 36 37 37 30  [00000337041000096770]
0100:34 30 31 30 30 30 39 39 36 37 30|34 35 30 30 30 31 30 30 30  [40100099670450001000]
0120:37 30 34 30 35 30 30 30 39 36 38|37 30 34 30 30 30 30 30 30  [70405000968704000000]
0140:30 30 37 30 34 30 30 30 30 30 30|30 30 30 31 30 30 41 31 30  [00704000000000100A10]
0160:30 30 30 39 36 37 30 30 33 33 30|30 30 30 30 30 30 30 30 30  [00096700330000000000]
0180:31 30 41 31 30 30 30 30 39 39 36|30 30 30 34 30 30 30 30 30  [10A10000996000400000]
0200:30 30 30 30 35 30 30 41 31 30 30|30 31 30 30 30 30 30 30 30  [0000500A100010000000]
0220:30 30 30 30 30 30 30 30 30 30 35|30 41 31 30 30 30 30 39 36  [000000000050A1000096]
0240:38 30 30 33 32 30 30 30 30 30 30|30 30 30 30 30 30 30 30 30  [80032000000000000000]


[logsrv:INF] [F48_VPC]10002040201G21L001234560Admin0 0 0 0 0 0 0 0 0 0 0 0 0 0 0 0000355 0150$0$2$0$0$3$0$0$0$0$0$0$0$500100$0$200100$100$0$VND$040$045$040$041$000$487$7947$7$8167$7760$0$0$0$0$0$0$0$4800$7940$0$8160$7760$0$20111115145025201111151450250$0$0$0$0$0$
 { logServer.cpp:1293 }
[logsrv:INF] [HEX_F48]

[logsrv:INF] [F48_VPC]10002040201G21L888888880Admin0 0 0 0 0 0 0 0 0 0 0 0 0 0 3 000000 0000$0$0$0$3$3$0$0$0$0$0$0$50000$2000$5000$500000$0$0$VND$VND$VND$VND$000$000$1305$955$927$977$0$0$0$0$0$0$0$0$1000$955$927$977$0$0$20111115145238201111151452380$0$0$0$0$0$000
 { logServer.cpp:940 }



